{"/root/baileys-antiban/src/lidFirstResolver.ts": {"path":"/root/baileys-antiban/src/lidFirstResolver.ts","statementMap":{"0":{"start":{"line":203,"column":0},"end":{"line":203,"column":16}},"1":{"start":{"line":22,"column":0},"end":{"line":22,"column":25}},"2":{"start":{"line":23,"column":0},"end":{"line":23,"column":29}},"3":{"start":{"line":33,"column":23},"end":{"line":33,"column":57}},"4":{"start":{"line":34,"column":23},"end":{"line":34,"column":48}},"5":{"start":{"line":41,"column":4},"end":{"line":75,"column":5}},"6":{"start":{"line":42,"column":6},"end":{"line":44,"column":7}},"7":{"start":{"line":43,"column":8},"end":{"line":43,"column":15}},"8":{"start":{"line":46,"column":20},"end":{"line":46,"column":43}},"9":{"start":{"line":47,"column":34},"end":{"line":48,"column":null}},"10":{"start":{"line":48,"column":8},"end":{"line":48,"column":67}},"11":{"start":{"line":51,"column":6},"end":{"line":72,"column":7}},"12":{"start":{"line":52,"column":25},"end":{"line":52,"column":49}},"13":{"start":{"line":53,"column":24},"end":{"line":53,"column":58}},"14":{"start":{"line":54,"column":21},"end":{"line":54,"column":40}},"15":{"start":{"line":57,"column":8},"end":{"line":71,"column":9}},"16":{"start":{"line":58,"column":10},"end":{"line":70,"column":11}},"17":{"start":{"line":59,"column":26},"end":{"line":59,"column":50}},"18":{"start":{"line":60,"column":12},"end":{"line":69,"column":13}},"19":{"start":{"line":61,"column":47},"end":{"line":66,"column":16}},"20":{"start":{"line":67,"column":14},"end":{"line":67,"column":56}},"21":{"start":{"line":68,"column":14},"end":{"line":68,"column":54}},"22":{"start":{"line":83,"column":4},"end":{"line":107,"column":5}},"23":{"start":{"line":85,"column":6},"end":{"line":88,"column":7}},"24":{"start":{"line":86,"column":20},"end":{"line":86,"column":39}},"25":{"start":{"line":87,"column":8},"end":{"line":87,"column":36}},"26":{"start":{"line":91,"column":6},"end":{"line":94,"column":7}},"27":{"start":{"line":92,"column":20},"end":{"line":92,"column":41}},"28":{"start":{"line":93,"column":8},"end":{"line":93,"column":36}},"29":{"start":{"line":97,"column":6},"end":{"line":99,"column":7}},"30":{"start":{"line":98,"column":8},"end":{"line":98,"column":41}},"31":{"start":{"line":102,"column":6},"end":{"line":104,"column":7}},"32":{"start":{"line":103,"column":8},"end":{"line":103,"column":52}},"33":{"start":{"line":115,"column":18},"end":{"line":115,"column":47}},"34":{"start":{"line":116,"column":4},"end":{"line":116,"column":28}},"35":{"start":{"line":116,"column":16},"end":{"line":116,"column":28}},"36":{"start":{"line":118,"column":4},"end":{"line":118,"column":46}},"37":{"start":{"line":126,"column":23},"end":{"line":126,"column":45}},"38":{"start":{"line":127,"column":20},"end":{"line":127,"column":51}},"39":{"start":{"line":128,"column":4},"end":{"line":128,"column":42}},"40":{"start":{"line":136,"column":23},"end":{"line":136,"column":45}},"41":{"start":{"line":139,"column":18},"end":{"line":139,"column":49}},"42":{"start":{"line":140,"column":4},"end":{"line":140,"column":28}},"43":{"start":{"line":140,"column":15},"end":{"line":140,"column":28}},"44":{"start":{"line":143,"column":18},"end":{"line":143,"column":40}},"45":{"start":{"line":144,"column":4},"end":{"line":147,"column":5}},"46":{"start":{"line":145,"column":18},"end":{"line":145,"column":44}},"47":{"start":{"line":146,"column":6},"end":{"line":146,"column":55}},"48":{"start":{"line":146,"column":15},"end":{"line":146,"column":55}},"49":{"start":{"line":149,"column":4},"end":{"line":149,"column":16}},"50":{"start":{"line":156,"column":4},"end":{"line":156,"column":32}},"51":{"start":{"line":163,"column":4},"end":{"line":163,"column":28}},"52":{"start":{"line":164,"column":4},"end":{"line":164,"column":28}},"53":{"start":{"line":177,"column":4},"end":{"line":177,"column":26}},"54":{"start":{"line":177,"column":14},"end":{"line":177,"column":26}},"55":{"start":{"line":180,"column":18},"end":{"line":180,"column":52}},"56":{"start":{"line":183,"column":4},"end":{"line":183,"column":43}},"57":{"start":{"line":186,"column":4},"end":{"line":188,"column":5}},"58":{"start":{"line":187,"column":6},"end":{"line":187,"column":21}},"59":{"start":{"line":190,"column":4},"end":{"line":190,"column":16}},"60":{"start":{"line":195,"column":4},"end":{"line":195,"column":37}},"61":{"start":{"line":32,"column":0},"end":{"line":32,"column":13}},"62":{"start":{"line":204,"column":2},"end":{"line":204,"column":32}}},"fnMap":{"0":{"name":"(anonymous_9)","decl":{"start":{"line":40,"column":2},"end":{"line":40,"column":17}},"loc":{"start":{"line":40,"column":33},"end":{"line":76,"column":3}}},"1":{"name":"(anonymous_10)","decl":{"start":{"line":47,"column":47},"end":{"line":47,"column":48}},"loc":{"start":{"line":48,"column":8},"end":{"line":48,"column":67}}},"2":{"name":"(anonymous_11)","decl":{"start":{"line":82,"column":2},"end":{"line":82,"column":16}},"loc":{"start":{"line":82,"column":27},"end":{"line":108,"column":3}}},"3":{"name":"(anonymous_12)","decl":{"start":{"line":114,"column":2},"end":{"line":114,"column":14}},"loc":{"start":{"line":114,"column":33},"end":{"line":119,"column":3}}},"4":{"name":"(anonymous_13)","decl":{"start":{"line":125,"column":2},"end":{"line":125,"column":16}},"loc":{"start":{"line":125,"column":28},"end":{"line":129,"column":3}}},"5":{"name":"(anonymous_14)","decl":{"start":{"line":135,"column":2},"end":{"line":135,"column":12}},"loc":{"start":{"line":135,"column":24},"end":{"line":150,"column":3}}},"6":{"name":"(anonymous_15)","decl":{"start":{"line":155,"column":2},"end":{"line":155,"column":6}},"loc":{"start":{"line":155,"column":6},"end":{"line":157,"column":3}}},"7":{"name":"(anonymous_16)","decl":{"start":{"line":162,"column":2},"end":{"line":162,"column":7}},"loc":{"start":{"line":162,"column":7},"end":{"line":165,"column":3}}},"8":{"name":"(anonymous_17)","decl":{"start":{"line":169,"column":10},"end":{"line":169,"column":18}},"loc":{"start":{"line":169,"column":62},"end":{"line":174,"column":3}}},"9":{"name":"(anonymous_18)","decl":{"start":{"line":176,"column":10},"end":{"line":176,"column":22}},"loc":{"start":{"line":176,"column":34},"end":{"line":191,"column":3}}},"10":{"name":"(anonymous_19)","decl":{"start":{"line":193,"column":10},"end":{"line":193,"column":22}},"loc":{"start":{"line":193,"column":34},"end":{"line":196,"column":3}}},"11":{"name":"createLidFirstResolver","decl":{"start":{"line":203,"column":16},"end":{"line":203,"column":38}},"loc":{"start":{"line":203,"column":38},"end":{"line":205,"column":1}}}},"branchMap":{"0":{"loc":{"start":{"line":42,"column":6},"end":{"line":44,"column":7}},"type":"if","locations":[{"start":{"line":42,"column":6},"end":{"line":44,"column":7}}]},"1":{"loc":{"start":{"line":48,"column":8},"end":{"line":48,"column":67}},"type":"binary-expr","locations":[{"start":{"line":48,"column":8},"end":{"line":48,"column":36}},{"start":{"line":48,"column":40},"end":{"line":48,"column":67}}]},"2":{"loc":{"start":{"line":58,"column":10},"end":{"line":70,"column":11}},"type":"if","locations":[{"start":{"line":58,"column":10},"end":{"line":70,"column":11}}]},"3":{"loc":{"start":{"line":60,"column":12},"end":{"line":69,"column":13}},"type":"if","locations":[{"start":{"line":60,"column":12},"end":{"line":69,"column":13}}]},"4":{"loc":{"start":{"line":60,"column":16},"end":{"line":60,"column":45}},"type":"binary-expr","locations":[{"start":{"line":60,"column":16},"end":{"line":60,"column":21}},{"start":{"line":60,"column":25},"end":{"line":60,"column":45}}]},"5":{"loc":{"start":{"line":85,"column":6},"end":{"line":88,"column":7}},"type":"if","locations":[{"start":{"line":85,"column":6},"end":{"line":88,"column":7}}]},"6":{"loc":{"start":{"line":91,"column":6},"end":{"line":94,"column":7}},"type":"if","locations":[{"start":{"line":91,"column":6},"end":{"line":94,"column":7}}]},"7":{"loc":{"start":{"line":97,"column":6},"end":{"line":99,"column":7}},"type":"if","locations":[{"start":{"line":97,"column":6},"end":{"line":99,"column":7}}]},"8":{"loc":{"start":{"line":102,"column":6},"end":{"line":104,"column":7}},"type":"if","locations":[{"start":{"line":102,"column":6},"end":{"line":104,"column":7}}]},"9":{"loc":{"start":{"line":102,"column":10},"end":{"line":102,"column":48}},"type":"binary-expr","locations":[{"start":{"line":102,"column":10},"end":{"line":102,"column":24}},{"start":{"line":102,"column":28},"end":{"line":102,"column":48}}]},"10":{"loc":{"start":{"line":116,"column":4},"end":{"line":116,"column":28}},"type":"if","locations":[{"start":{"line":116,"column":4},"end":{"line":116,"column":28}}]},"11":{"loc":{"start":{"line":118,"column":11},"end":{"line":118,"column":45}},"type":"binary-expr","locations":[{"start":{"line":118,"column":11},"end":{"line":118,"column":37}},{"start":{"line":118,"column":41},"end":{"line":118,"column":45}}]},"12":{"loc":{"start":{"line":128,"column":11},"end":{"line":128,"column":41}},"type":"cond-expr","locations":[{"start":{"line":128,"column":21},"end":{"line":128,"column":34}},{"start":{"line":128,"column":37},"end":{"line":128,"column":41}}]},"13":{"loc":{"start":{"line":140,"column":4},"end":{"line":140,"column":28}},"type":"if","locations":[{"start":{"line":140,"column":4},"end":{"line":140,"column":28}}]},"14":{"loc":{"start":{"line":144,"column":4},"end":{"line":147,"column":5}},"type":"if","locations":[{"start":{"line":144,"column":4},"end":{"line":147,"column":5}}]},"15":{"loc":{"start":{"line":146,"column":6},"end":{"line":146,"column":55}},"type":"if","locations":[{"start":{"line":146,"column":6},"end":{"line":146,"column":55}}]},"16":{"loc":{"start":{"line":146,"column":22},"end":{"line":146,"column":54}},"type":"binary-expr","locations":[{"start":{"line":146,"column":22},"end":{"line":146,"column":46}},{"start":{"line":146,"column":50},"end":{"line":146,"column":54}}]},"17":{"loc":{"start":{"line":177,"column":4},"end":{"line":177,"column":26}},"type":"if","locations":[{"start":{"line":177,"column":4},"end":{"line":177,"column":26}}]},"18":{"loc":{"start":{"line":186,"column":4},"end":{"line":188,"column":5}},"type":"if","locations":[{"start":{"line":186,"column":4},"end":{"line":188,"column":5}}]}},"s":{"0":1,"1":1,"2":1,"3":20,"4":20,"5":14,"6":14,"7":1,"8":13,"9":13,"10":15,"11":13,"12":12,"13":12,"14":12,"15":11,"16":13,"17":13,"18":13,"19":13,"20":13,"21":13,"22":4,"23":4,"24":1,"25":1,"26":2,"27":0,"28":0,"29":2,"30":0,"31":2,"32":0,"33":7,"34":7,"35":0,"36":7,"37":4,"38":4,"39":4,"40":3,"41":3,"42":3,"43":1,"44":2,"45":2,"46":1,"47":1,"48":1,"49":1,"50":8,"51":1,"52":1,"53":22,"54":0,"55":22,"56":22,"57":22,"58":21,"59":1,"60":20,"61":1,"62":1},"f":{"0":14,"1":15,"2":4,"3":7,"4":4,"5":3,"6":8,"7":1,"8":1,"9":22,"10":20,"11":1},"b":{"0":[1],"1":[15,13],"2":[13],"3":[13],"4":[13,13],"5":[1],"6":[0],"7":[0],"8":[0],"9":[2,0],"10":[0],"11":[7,2],"12":[3,1],"13":[1],"14":[1],"15":[1],"16":[1,0],"17":[0],"18":[21]}}
,"/root/baileys-antiban/src/lidResolver.ts": {"path":"/root/baileys-antiban/src/lidResolver.ts","statementMap":{"0":{"start":{"line":48,"column":73},"end":{"line":51,"column":2}},"1":{"start":{"line":58,"column":20},"end":{"line":58,"column":49}},"2":{"start":{"line":59,"column":20},"end":{"line":59,"column":45}},"3":{"start":{"line":61,"column":18},"end":{"line":65,"column":4}},"4":{"start":{"line":68,"column":4},"end":{"line":68,"column":51}},"5":{"start":{"line":69,"column":4},"end":{"line":69,"column":42}},"6":{"start":{"line":72,"column":4},"end":{"line":74,"column":5}},"7":{"start":{"line":73,"column":6},"end":{"line":73,"column":26}},"8":{"start":{"line":82,"column":14},"end":{"line":82,"column":70}},"9":{"start":{"line":83,"column":13},"end":{"line":83,"column":67}},"10":{"start":{"line":84,"column":18},"end":{"line":84,"column":31}},"11":{"start":{"line":87,"column":4},"end":{"line":89,"column":5}},"12":{"start":{"line":88,"column":6},"end":{"line":88,"column":13}},"13":{"start":{"line":92,"column":4},"end":{"line":94,"column":5}},"14":{"start":{"line":93,"column":6},"end":{"line":93,"column":37}},"15":{"start":{"line":97,"column":4},"end":{"line":97,"column":28}},"16":{"start":{"line":97,"column":21},"end":{"line":97,"column":28}},"17":{"start":{"line":98,"column":4},"end":{"line":98,"column":38}},"18":{"start":{"line":98,"column":31},"end":{"line":98,"column":38}},"19":{"start":{"line":99,"column":4},"end":{"line":99,"column":48}},"20":{"start":{"line":99,"column":41},"end":{"line":99,"column":48}},"21":{"start":{"line":102,"column":21},"end":{"line":102,"column":42}},"22":{"start":{"line":103,"column":4},"end":{"line":108,"column":5}},"23":{"start":{"line":105,"column":6},"end":{"line":105,"column":27}},"24":{"start":{"line":106,"column":6},"end":{"line":106,"column":38}},"25":{"start":{"line":107,"column":6},"end":{"line":107,"column":13}},"26":{"start":{"line":111,"column":27},"end":{"line":111,"column":52}},"27":{"start":{"line":112,"column":35},"end":{"line":118,"column":6}},"28":{"start":{"line":121,"column":4},"end":{"line":123,"column":5}},"29":{"start":{"line":122,"column":6},"end":{"line":122,"column":22}},"30":{"start":{"line":125,"column":4},"end":{"line":125,"column":38}},"31":{"start":{"line":126,"column":4},"end":{"line":126,"column":30}},"32":{"start":{"line":127,"column":4},"end":{"line":127,"column":35}},"33":{"start":{"line":130,"column":4},"end":{"line":132,"column":5}},"34":{"start":{"line":131,"column":6},"end":{"line":131,"column":24}},"35":{"start":{"line":140,"column":23},"end":{"line":140,"column":45}},"36":{"start":{"line":142,"column":4},"end":{"line":175,"column":5}},"37":{"start":{"line":144,"column":6},"end":{"line":153,"column":7}},"38":{"start":{"line":145,"column":24},"end":{"line":145,"column":52}},"39":{"start":{"line":146,"column":8},"end":{"line":150,"column":9}},"40":{"start":{"line":147,"column":10},"end":{"line":147,"column":37}},"41":{"start":{"line":148,"column":10},"end":{"line":148,"column":41}},"42":{"start":{"line":149,"column":10},"end":{"line":149,"column":28}},"43":{"start":{"line":151,"column":8},"end":{"line":151,"column":34}},"44":{"start":{"line":152,"column":8},"end":{"line":152,"column":19}},"45":{"start":{"line":155,"column":6},"end":{"line":155,"column":33}},"46":{"start":{"line":156,"column":6},"end":{"line":156,"column":24}},"47":{"start":{"line":159,"column":6},"end":{"line":171,"column":7}},"48":{"start":{"line":160,"column":20},"end":{"line":160,"column":48}},"49":{"start":{"line":161,"column":8},"end":{"line":168,"column":9}},"50":{"start":{"line":162,"column":10},"end":{"line":162,"column":37}},"51":{"start":{"line":163,"column":26},"end":{"line":163,"column":47}},"52":{"start":{"line":164,"column":10},"end":{"line":166,"column":11}},"53":{"start":{"line":165,"column":12},"end":{"line":165,"column":43}},"54":{"start":{"line":167,"column":10},"end":{"line":167,"column":21}},"55":{"start":{"line":169,"column":8},"end":{"line":169,"column":34}},"56":{"start":{"line":170,"column":8},"end":{"line":170,"column":19}},"57":{"start":{"line":173,"column":6},"end":{"line":173,"column":33}},"58":{"start":{"line":174,"column":6},"end":{"line":174,"column":24}},"59":{"start":{"line":182,"column":23},"end":{"line":182,"column":44}},"60":{"start":{"line":183,"column":16},"end":{"line":183,"column":44}},"61":{"start":{"line":184,"column":4},"end":{"line":189,"column":5}},"62":{"start":{"line":185,"column":22},"end":{"line":185,"column":43}},"63":{"start":{"line":186,"column":6},"end":{"line":188,"column":7}},"64":{"start":{"line":187,"column":8},"end":{"line":187,"column":39}},"65":{"start":{"line":190,"column":4},"end":{"line":190,"column":23}},"66":{"start":{"line":194,"column":23},"end":{"line":194,"column":45}},"67":{"start":{"line":195,"column":20},"end":{"line":195,"column":48}},"68":{"start":{"line":196,"column":4},"end":{"line":199,"column":5}},"69":{"start":{"line":197,"column":6},"end":{"line":197,"column":37}},"70":{"start":{"line":198,"column":6},"end":{"line":198,"column":24}},"71":{"start":{"line":200,"column":4},"end":{"line":200,"column":16}},"72":{"start":{"line":207,"column":23},"end":{"line":207,"column":45}},"73":{"start":{"line":210,"column":18},"end":{"line":210,"column":46}},"74":{"start":{"line":211,"column":4},"end":{"line":214,"column":5}},"75":{"start":{"line":212,"column":6},"end":{"line":212,"column":35}},"76":{"start":{"line":213,"column":6},"end":{"line":213,"column":19}},"77":{"start":{"line":217,"column":16},"end":{"line":217,"column":44}},"78":{"start":{"line":218,"column":4},"end":{"line":224,"column":5}},"79":{"start":{"line":219,"column":22},"end":{"line":219,"column":43}},"80":{"start":{"line":220,"column":6},"end":{"line":223,"column":7}},"81":{"start":{"line":221,"column":8},"end":{"line":221,"column":39}},"82":{"start":{"line":222,"column":8},"end":{"line":222,"column":23}},"83":{"start":{"line":226,"column":4},"end":{"line":226,"column":16}},"84":{"start":{"line":233,"column":4},"end":{"line":233,"column":40}},"85":{"start":{"line":233,"column":33},"end":{"line":233,"column":40}},"86":{"start":{"line":235,"column":4},"end":{"line":263,"column":5}},"87":{"start":{"line":236,"column":21},"end":{"line":236,"column":50}},"88":{"start":{"line":237,"column":6},"end":{"line":237,"column":56}},"89":{"start":{"line":237,"column":49},"end":{"line":237,"column":56}},"90":{"start":{"line":240,"column":6},"end":{"line":260,"column":7}},"91":{"start":{"line":241,"column":8},"end":{"line":259,"column":9}},"92":{"start":{"line":243,"column":21},"end":{"line":243,"column":31}},"93":{"start":{"line":244,"column":24},"end":{"line":244,"column":40}},"94":{"start":{"line":245,"column":38},"end":{"line":251,"column":12}},"95":{"start":{"line":252,"column":10},"end":{"line":252,"column":41}},"96":{"start":{"line":253,"column":10},"end":{"line":253,"column":36}},"97":{"start":{"line":254,"column":15},"end":{"line":259,"column":9}},"98":{"start":{"line":256,"column":26},"end":{"line":256,"column":50}},"99":{"start":{"line":257,"column":10},"end":{"line":257,"column":41}},"100":{"start":{"line":258,"column":10},"end":{"line":258,"column":44}},"101":{"start":{"line":270,"column":4},"end":{"line":270,"column":40}},"102":{"start":{"line":270,"column":33},"end":{"line":270,"column":40}},"103":{"start":{"line":272,"column":4},"end":{"line":280,"column":5}},"104":{"start":{"line":273,"column":50},"end":{"line":273,"column":52}},"105":{"start":{"line":274,"column":6},"end":{"line":276,"column":7}},"106":{"start":{"line":275,"column":8},"end":{"line":275,"column":31}},"107":{"start":{"line":277,"column":6},"end":{"line":277,"column":43}},"108":{"start":{"line":284,"column":4},"end":{"line":290,"column":6}},"109":{"start":{"line":297,"column":4},"end":{"line":297,"column":25}},"110":{"start":{"line":298,"column":4},"end":{"line":298,"column":25}},"111":{"start":{"line":299,"column":4},"end":{"line":303,"column":6}},"112":{"start":{"line":307,"column":4},"end":{"line":307,"column":17}},"113":{"start":{"line":309,"column":4},"end":{"line":311,"column":5}},"114":{"start":{"line":310,"column":6},"end":{"line":310,"column":24}},"115":{"start":{"line":321,"column":4},"end":{"line":321,"column":37}},"116":{"start":{"line":328,"column":35},"end":{"line":328,"column":39}},"117":{"start":{"line":329,"column":21},"end":{"line":329,"column":29}},"118":{"start":{"line":331,"column":4},"end":{"line":336,"column":5}},"119":{"start":{"line":332,"column":6},"end":{"line":335,"column":7}},"120":{"start":{"line":333,"column":8},"end":{"line":333,"column":39}},"121":{"start":{"line":334,"column":8},"end":{"line":334,"column":24}},"122":{"start":{"line":338,"column":4},"end":{"line":344,"column":5}},"123":{"start":{"line":339,"column":22},"end":{"line":339,"column":49}},"124":{"start":{"line":340,"column":6},"end":{"line":342,"column":7}},"125":{"start":{"line":341,"column":8},"end":{"line":341,"column":40}},"126":{"start":{"line":343,"column":6},"end":{"line":343,"column":37}},"127":{"start":{"line":53,"column":0},"end":{"line":53,"column":13}}},"fnMap":{"0":{"name":"(anonymous_0)","decl":{"start":{"line":67,"column":2},"end":{"line":67,"column":14}},"loc":{"start":{"line":67,"column":44},"end":{"line":75,"column":3}}},"1":{"name":"(anonymous_1)","decl":{"start":{"line":81,"column":2},"end":{"line":81,"column":7}},"loc":{"start":{"line":81,"column":62},"end":{"line":133,"column":3}}},"2":{"name":"(anonymous_2)","decl":{"start":{"line":139,"column":2},"end":{"line":139,"column":18}},"loc":{"start":{"line":139,"column":30},"end":{"line":176,"column":3}}},"3":{"name":"(anonymous_3)","decl":{"start":{"line":181,"column":2},"end":{"line":181,"column":8}},"loc":{"start":{"line":181,"column":19},"end":{"line":191,"column":3}}},"4":{"name":"(anonymous_4)","decl":{"start":{"line":193,"column":2},"end":{"line":193,"column":7}},"loc":{"start":{"line":193,"column":19},"end":{"line":201,"column":3}}},"5":{"name":"(anonymous_5)","decl":{"start":{"line":206,"column":2},"end":{"line":206,"column":12}},"loc":{"start":{"line":206,"column":24},"end":{"line":227,"column":3}}},"6":{"name":"(anonymous_6)","decl":{"start":{"line":232,"column":2},"end":{"line":232,"column":7}},"loc":{"start":{"line":232,"column":15},"end":{"line":264,"column":3}}},"7":{"name":"(anonymous_7)","decl":{"start":{"line":269,"column":2},"end":{"line":269,"column":7}},"loc":{"start":{"line":269,"column":13},"end":{"line":281,"column":3}}},"8":{"name":"(anonymous_8)","decl":{"start":{"line":283,"column":2},"end":{"line":283,"column":10}},"loc":{"start":{"line":283,"column":10},"end":{"line":291,"column":3}}},"9":{"name":"(anonymous_9)","decl":{"start":{"line":296,"column":2},"end":{"line":296,"column":7}},"loc":{"start":{"line":296,"column":7},"end":{"line":304,"column":3}}},"10":{"name":"(anonymous_10)","decl":{"start":{"line":306,"column":2},"end":{"line":306,"column":9}},"loc":{"start":{"line":306,"column":9},"end":{"line":312,"column":3}}},"11":{"name":"(anonymous_11)","decl":{"start":{"line":319,"column":10},"end":{"line":319,"column":22}},"loc":{"start":{"line":319,"column":34},"end":{"line":322,"column":3}}},"12":{"name":"(anonymous_12)","decl":{"start":{"line":327,"column":10},"end":{"line":327,"column":18}},"loc":{"start":{"line":327,"column":18},"end":{"line":345,"column":3}}}},"branchMap":{"0":{"loc":{"start":{"line":67,"column":14},"end":{"line":67,"column":44}},"type":"default-arg","locations":[{"start":{"line":67,"column":42},"end":{"line":67,"column":44}}]},"1":{"loc":{"start":{"line":72,"column":4},"end":{"line":74,"column":5}},"type":"if","locations":[{"start":{"line":72,"column":4},"end":{"line":74,"column":5}}]},"2":{"loc":{"start":{"line":82,"column":14},"end":{"line":82,"column":70}},"type":"cond-expr","locations":[{"start":{"line":82,"column":28},"end":{"line":82,"column":58}},{"start":{"line":82,"column":61},"end":{"line":82,"column":70}}]},"3":{"loc":{"start":{"line":83,"column":13},"end":{"line":83,"column":67}},"type":"cond-expr","locations":[{"start":{"line":83,"column":26},"end":{"line":83,"column":55}},{"start":{"line":83,"column":58},"end":{"line":83,"column":67}}]},"4":{"loc":{"start":{"line":87,"column":4},"end":{"line":89,"column":5}},"type":"if","locations":[{"start":{"line":87,"column":4},"end":{"line":89,"column":5}}]},"5":{"loc":{"start":{"line":87,"column":8},"end":{"line":87,"column":31}},"type":"binary-expr","locations":[{"start":{"line":87,"column":8},"end":{"line":87,"column":12}},{"start":{"line":87,"column":17},"end":{"line":87,"column":20}},{"start":{"line":87,"column":24},"end":{"line":87,"column":30}}]},"6":{"loc":{"start":{"line":92,"column":4},"end":{"line":94,"column":5}},"type":"if","locations":[{"start":{"line":92,"column":4},"end":{"line":94,"column":5}}]},"7":{"loc":{"start":{"line":92,"column":8},"end":{"line":92,"column":20}},"type":"binary-expr","locations":[{"start":{"line":92,"column":8},"end":{"line":92,"column":11}},{"start":{"line":92,"column":15},"end":{"line":92,"column":20}}]},"8":{"loc":{"start":{"line":97,"column":4},"end":{"line":97,"column":28}},"type":"if","locations":[{"start":{"line":97,"column":4},"end":{"line":97,"column":28}}]},"9":{"loc":{"start":{"line":97,"column":8},"end":{"line":97,"column":19}},"type":"binary-expr","locations":[{"start":{"line":97,"column":8},"end":{"line":97,"column":12}},{"start":{"line":97,"column":16},"end":{"line":97,"column":19}}]},"10":{"loc":{"start":{"line":98,"column":4},"end":{"line":98,"column":38}},"type":"if","locations":[{"start":{"line":98,"column":4},"end":{"line":98,"column":38}}]},"11":{"loc":{"start":{"line":99,"column":4},"end":{"line":99,"column":48}},"type":"if","locations":[{"start":{"line":99,"column":4},"end":{"line":99,"column":48}}]},"12":{"loc":{"start":{"line":103,"column":4},"end":{"line":108,"column":5}},"type":"if","locations":[{"start":{"line":103,"column":4},"end":{"line":108,"column":5}}]},"13":{"loc":{"start":{"line":111,"column":27},"end":{"line":111,"column":52}},"type":"binary-expr","locations":[{"start":{"line":111,"column":27},"end":{"line":111,"column":32}},{"start":{"line":111,"column":36},"end":{"line":111,"column":52}}]},"14":{"loc":{"start":{"line":121,"column":4},"end":{"line":123,"column":5}},"type":"if","locations":[{"start":{"line":121,"column":4},"end":{"line":123,"column":5}}]},"15":{"loc":{"start":{"line":130,"column":4},"end":{"line":132,"column":5}},"type":"if","locations":[{"start":{"line":130,"column":4},"end":{"line":132,"column":5}}]},"16":{"loc":{"start":{"line":142,"column":4},"end":{"line":175,"column":5}},"type":"if","locations":[{"start":{"line":142,"column":4},"end":{"line":175,"column":5}},{"start":{"line":157,"column":11},"end":{"line":175,"column":5}}]},"17":{"loc":{"start":{"line":144,"column":6},"end":{"line":153,"column":7}},"type":"if","locations":[{"start":{"line":144,"column":6},"end":{"line":153,"column":7}}]},"18":{"loc":{"start":{"line":146,"column":8},"end":{"line":150,"column":9}},"type":"if","locations":[{"start":{"line":146,"column":8},"end":{"line":150,"column":9}}]},"19":{"loc":{"start":{"line":159,"column":6},"end":{"line":171,"column":7}},"type":"if","locations":[{"start":{"line":159,"column":6},"end":{"line":171,"column":7}}]},"20":{"loc":{"start":{"line":161,"column":8},"end":{"line":168,"column":9}},"type":"if","locations":[{"start":{"line":161,"column":8},"end":{"line":168,"column":9}}]},"21":{"loc":{"start":{"line":164,"column":10},"end":{"line":166,"column":11}},"type":"if","locations":[{"start":{"line":164,"column":10},"end":{"line":166,"column":11}}]},"22":{"loc":{"start":{"line":184,"column":4},"end":{"line":189,"column":5}},"type":"if","locations":[{"start":{"line":184,"column":4},"end":{"line":189,"column":5}}]},"23":{"loc":{"start":{"line":186,"column":6},"end":{"line":188,"column":7}},"type":"if","locations":[{"start":{"line":186,"column":6},"end":{"line":188,"column":7}}]},"24":{"loc":{"start":{"line":190,"column":11},"end":{"line":190,"column":22}},"type":"binary-expr","locations":[{"start":{"line":190,"column":11},"end":{"line":190,"column":14}},{"start":{"line":190,"column":18},"end":{"line":190,"column":22}}]},"25":{"loc":{"start":{"line":196,"column":4},"end":{"line":199,"column":5}},"type":"if","locations":[{"start":{"line":196,"column":4},"end":{"line":199,"column":5}}]},"26":{"loc":{"start":{"line":211,"column":4},"end":{"line":214,"column":5}},"type":"if","locations":[{"start":{"line":211,"column":4},"end":{"line":214,"column":5}}]},"27":{"loc":{"start":{"line":218,"column":4},"end":{"line":224,"column":5}},"type":"if","locations":[{"start":{"line":218,"column":4},"end":{"line":224,"column":5}}]},"28":{"loc":{"start":{"line":220,"column":6},"end":{"line":223,"column":7}},"type":"if","locations":[{"start":{"line":220,"column":6},"end":{"line":223,"column":7}}]},"29":{"loc":{"start":{"line":233,"column":4},"end":{"line":233,"column":40}},"type":"if","locations":[{"start":{"line":233,"column":4},"end":{"line":233,"column":40}}]},"30":{"loc":{"start":{"line":237,"column":6},"end":{"line":237,"column":56}},"type":"if","locations":[{"start":{"line":237,"column":6},"end":{"line":237,"column":56}}]},"31":{"loc":{"start":{"line":237,"column":10},"end":{"line":237,"column":47}},"type":"binary-expr","locations":[{"start":{"line":237,"column":10},"end":{"line":237,"column":17}},{"start":{"line":237,"column":21},"end":{"line":237,"column":47}}]},"32":{"loc":{"start":{"line":241,"column":8},"end":{"line":259,"column":9}},"type":"if","locations":[{"start":{"line":241,"column":8},"end":{"line":259,"column":9}},{"start":{"line":254,"column":15},"end":{"line":259,"column":9}}]},"33":{"loc":{"start":{"line":254,"column":15},"end":{"line":259,"column":9}},"type":"if","locations":[{"start":{"line":254,"column":15},"end":{"line":259,"column":9}}]},"34":{"loc":{"start":{"line":254,"column":19},"end":{"line":254,"column":72}},"type":"binary-expr","locations":[{"start":{"line":254,"column":19},"end":{"line":254,"column":49}},{"start":{"line":254,"column":53},"end":{"line":254,"column":72}}]},"35":{"loc":{"start":{"line":270,"column":4},"end":{"line":270,"column":40}},"type":"if","locations":[{"start":{"line":270,"column":4},"end":{"line":270,"column":40}}]},"36":{"loc":{"start":{"line":309,"column":4},"end":{"line":311,"column":5}},"type":"if","locations":[{"start":{"line":309,"column":4},"end":{"line":311,"column":5}}]},"37":{"loc":{"start":{"line":332,"column":6},"end":{"line":335,"column":7}},"type":"if","locations":[{"start":{"line":332,"column":6},"end":{"line":335,"column":7}}]},"38":{"loc":{"start":{"line":338,"column":4},"end":{"line":344,"column":5}},"type":"if","locations":[{"start":{"line":338,"column":4},"end":{"line":344,"column":5}}]},"39":{"loc":{"start":{"line":340,"column":6},"end":{"line":342,"column":7}},"type":"if","locations":[{"start":{"line":340,"column":6},"end":{"line":342,"column":7}}]}},"s":{"0":1,"1":1,"2":1,"3":1,"4":1,"5":1,"6":1,"7":0,"8":1,"9":1,"10":1,"11":1,"12":0,"13":1,"14":0,"15":1,"16":0,"17":1,"18":0,"19":1,"20":0,"21":1,"22":1,"23":0,"24":0,"25":0,"26":1,"27":1,"28":1,"29":0,"30":1,"31":1,"32":1,"33":1,"34":0,"35":1,"36":1,"37":1,"38":1,"39":1,"40":1,"41":1,"42":1,"43":0,"44":0,"45":0,"46":0,"47":0,"48":0,"49":0,"50":0,"51":0,"52":0,"53":0,"54":0,"55":0,"56":0,"57":0,"58":0,"59":0,"60":0,"61":0,"62":0,"63":0,"64":0,"65":0,"66":0,"67":0,"68":0,"69":0,"70":0,"71":0,"72":0,"73":0,"74":0,"75":0,"76":0,"77":0,"78":0,"79":0,"80":0,"81":0,"82":0,"83":0,"84":0,"85":0,"86":0,"87":0,"88":0,"89":0,"90":0,"91":0,"92":0,"93":0,"94":0,"95":0,"96":0,"97":0,"98":0,"99":0,"100":0,"101":0,"102":0,"103":0,"104":0,"105":0,"106":0,"107":0,"108":0,"109":0,"110":0,"111":0,"112":0,"113":0,"114":0,"115":3,"116":0,"117":0,"118":0,"119":0,"120":0,"121":0,"122":0,"123":0,"124":0,"125":0,"126":0,"127":1},"f":{"0":1,"1":1,"2":1,"3":0,"4":0,"5":0,"6":0,"7":0,"8":0,"9":0,"10":0,"11":3,"12":0},"b":{"0":[0],"1":[0],"2":[1,0],"3":[1,0],"4":[0],"5":[1,1,0],"6":[0],"7":[1,0],"8":[0],"9":[1,1],"10":[0],"11":[0],"12":[0],"13":[1,1],"14":[0],"15":[0],"16":[1,0],"17":[1],"18":[1],"19":[0],"20":[0],"21":[0],"22":[0],"23":[0],"24":[0,0],"25":[0],"26":[0],"27":[0],"28":[0],"29":[0],"30":[0],"31":[0,0],"32":[0,0],"33":[0],"34":[0,0],"35":[0],"36":[0],"37":[0],"38":[0],"39":[0]}}
,"/root/baileys-antiban/src/retryReason.ts": {"path":"/root/baileys-antiban/src/retryReason.ts","statementMap":{"0":{"start":{"line":47,"column":0},"end":{"line":47,"column":16}},"1":{"start":{"line":71,"column":0},"end":{"line":71,"column":16}},"2":{"start":{"line":78,"column":0},"end":{"line":78,"column":16}},"3":{"start":{"line":21,"column":0},"end":{"line":21,"column":null}},"4":{"start":{"line":22,"column":2},"end":{"line":22,"column":null}},"5":{"start":{"line":23,"column":2},"end":{"line":23,"column":null}},"6":{"start":{"line":24,"column":2},"end":{"line":24,"column":null}},"7":{"start":{"line":25,"column":2},"end":{"line":25,"column":null}},"8":{"start":{"line":26,"column":2},"end":{"line":26,"column":null}},"9":{"start":{"line":27,"column":2},"end":{"line":27,"column":null}},"10":{"start":{"line":28,"column":2},"end":{"line":28,"column":null}},"11":{"start":{"line":29,"column":2},"end":{"line":29,"column":null}},"12":{"start":{"line":36,"column":13},"end":{"line":41,"column":3}},"13":{"start":{"line":48,"column":2},"end":{"line":50,"column":3}},"14":{"start":{"line":49,"column":4},"end":{"line":49,"column":36}},"15":{"start":{"line":52,"column":12},"end":{"line":52,"column":64}},"16":{"start":{"line":54,"column":2},"end":{"line":56,"column":3}},"17":{"start":{"line":55,"column":4},"end":{"line":55,"column":36}},"18":{"start":{"line":59,"column":2},"end":{"line":61,"column":3}},"19":{"start":{"line":60,"column":4},"end":{"line":60,"column":28}},"20":{"start":{"line":63,"column":2},"end":{"line":63,"column":34}},"21":{"start":{"line":72,"column":2},"end":{"line":72,"column":37}},"22":{"start":{"line":79,"column":2},"end":{"line":98,"column":3}},"23":{"start":{"line":81,"column":6},"end":{"line":81,"column":29}},"24":{"start":{"line":83,"column":6},"end":{"line":83,"column":29}},"25":{"start":{"line":85,"column":6},"end":{"line":85,"column":52}},"26":{"start":{"line":87,"column":6},"end":{"line":87,"column":38}},"27":{"start":{"line":89,"column":6},"end":{"line":89,"column":49}},"28":{"start":{"line":91,"column":6},"end":{"line":91,"column":53}},"29":{"start":{"line":93,"column":6},"end":{"line":93,"column":52}},"30":{"start":{"line":95,"column":6},"end":{"line":95,"column":33}},"31":{"start":{"line":97,"column":6},"end":{"line":97,"column":45}}},"fnMap":{"0":{"name":"(anonymous_0)","decl":{"start":{"line":21,"column":0},"end":{"line":21,"column":12}},"loc":{"start":{"line":21,"column":23},"end":{"line":30,"column":1}}},"1":{"name":"parseRetryReason","decl":{"start":{"line":47,"column":16},"end":{"line":47,"column":32}},"loc":{"start":{"line":47,"column":66},"end":{"line":64,"column":1}}},"2":{"name":"isMacError","decl":{"start":{"line":71,"column":16},"end":{"line":71,"column":26}},"loc":{"start":{"line":71,"column":46},"end":{"line":73,"column":1}}},"3":{"name":"getRetryReasonDescription","decl":{"start":{"line":78,"column":16},"end":{"line":78,"column":41}},"loc":{"start":{"line":78,"column":61},"end":{"line":99,"column":1}}}},"branchMap":{"0":{"loc":{"start":{"line":21,"column":12},"end":{"line":21,"column":null}},"type":"binary-expr","locations":[{"start":{"line":21,"column":12},"end":{"line":21,"column":23}},{"start":{"line":21,"column":23},"end":{"line":21,"column":null}}]},"1":{"loc":{"start":{"line":48,"column":2},"end":{"line":50,"column":3}},"type":"if","locations":[{"start":{"line":48,"column":2},"end":{"line":50,"column":3}}]},"2":{"loc":{"start":{"line":48,"column":6},"end":{"line":48,"column":41}},"type":"binary-expr","locations":[{"start":{"line":48,"column":6},"end":{"line":48,"column":24}},{"start":{"line":48,"column":28},"end":{"line":48,"column":41}}]},"3":{"loc":{"start":{"line":52,"column":12},"end":{"line":52,"column":64}},"type":"cond-expr","locations":[{"start":{"line":52,"column":39},"end":{"line":52,"column":57}},{"start":{"line":52,"column":60},"end":{"line":52,"column":64}}]},"4":{"loc":{"start":{"line":54,"column":2},"end":{"line":56,"column":3}},"type":"if","locations":[{"start":{"line":54,"column":2},"end":{"line":56,"column":3}}]},"5":{"loc":{"start":{"line":59,"column":2},"end":{"line":61,"column":3}},"type":"if","locations":[{"start":{"line":59,"column":2},"end":{"line":61,"column":3}}]},"6":{"loc":{"start":{"line":79,"column":2},"end":{"line":98,"column":3}},"type":"switch","locations":[{"start":{"line":80,"column":4},"end":{"line":81,"column":29}},{"start":{"line":82,"column":4},"end":{"line":83,"column":29}},{"start":{"line":84,"column":4},"end":{"line":85,"column":52}},{"start":{"line":86,"column":4},"end":{"line":87,"column":38}},{"start":{"line":88,"column":4},"end":{"line":89,"column":49}},{"start":{"line":90,"column":4},"end":{"line":91,"column":53}},{"start":{"line":92,"column":4},"end":{"line":93,"column":52}},{"start":{"line":94,"column":4},"end":{"line":95,"column":33}},{"start":{"line":96,"column":4},"end":{"line":97,"column":45}}]}},"s":{"0":1,"1":1,"2":1,"3":1,"4":1,"5":1,"6":1,"7":1,"8":1,"9":1,"10":1,"11":1,"12":1,"13":23,"14":2,"15":21,"16":21,"17":2,"18":19,"19":13,"20":6,"21":11,"22":12,"23":2,"24":1,"25":1,"26":1,"27":2,"28":2,"29":1,"30":1,"31":1},"f":{"0":1,"1":23,"2":11,"3":12},"b":{"0":[1,1],"1":[2],"2":[23,22],"3":[8,13],"4":[2],"5":[13],"6":[2,1,1,1,2,2,1,1,1]}}
,"/root/baileys-antiban/src/sessionStability.ts": {"path":"/root/baileys-antiban/src/sessionStability.ts","statementMap":{"0":{"start":{"line":38,"column":0},"end":{"line":38,"column":16}},"1":{"start":{"line":293,"column":0},"end":{"line":293,"column":16}},"2":{"start":{"line":40,"column":2},"end":{"line":47,"column":3}},"3":{"start":{"line":41,"column":4},"end":{"line":46,"column":6}},"4":{"start":{"line":49,"column":2},"end":{"line":56,"column":3}},"5":{"start":{"line":50,"column":4},"end":{"line":55,"column":6}},"6":{"start":{"line":59,"column":2},"end":{"line":66,"column":3}},"7":{"start":{"line":60,"column":4},"end":{"line":65,"column":6}},"8":{"start":{"line":69,"column":2},"end":{"line":76,"column":3}},"9":{"start":{"line":70,"column":4},"end":{"line":75,"column":6}},"10":{"start":{"line":79,"column":2},"end":{"line":87,"column":3}},"11":{"start":{"line":80,"column":4},"end":{"line":86,"column":6}},"12":{"start":{"line":90,"column":2},"end":{"line":98,"column":3}},"13":{"start":{"line":91,"column":4},"end":{"line":97,"column":6}},"14":{"start":{"line":100,"column":2},"end":{"line":108,"column":3}},"15":{"start":{"line":101,"column":4},"end":{"line":107,"column":6}},"16":{"start":{"line":111,"column":2},"end":{"line":119,"column":3}},"17":{"start":{"line":112,"column":4},"end":{"line":118,"column":6}},"18":{"start":{"line":122,"column":2},"end":{"line":130,"column":3}},"19":{"start":{"line":123,"column":4},"end":{"line":129,"column":6}},"20":{"start":{"line":133,"column":2},"end":{"line":141,"column":3}},"21":{"start":{"line":134,"column":4},"end":{"line":140,"column":6}},"22":{"start":{"line":144,"column":2},"end":{"line":150,"column":4}},"23":{"start":{"line":175,"column":97},"end":{"line":178,"column":2}},"24":{"start":{"line":189,"column":38},"end":{"line":194,"column":4}},"25":{"start":{"line":196,"column":39},"end":{"line":196,"column":41}},"26":{"start":{"line":199,"column":4},"end":{"line":199,"column":58}},"27":{"start":{"line":200,"column":4},"end":{"line":200,"column":40}},"28":{"start":{"line":201,"column":4},"end":{"line":201,"column":42}},"29":{"start":{"line":208,"column":4},"end":{"line":208,"column":32}},"30":{"start":{"line":209,"column":4},"end":{"line":209,"column":25}},"31":{"start":{"line":216,"column":4},"end":{"line":216,"column":29}},"32":{"start":{"line":218,"column":4},"end":{"line":234,"column":5}},"33":{"start":{"line":219,"column":18},"end":{"line":219,"column":28}},"34":{"start":{"line":220,"column":6},"end":{"line":220,"column":31}},"35":{"start":{"line":221,"column":6},"end":{"line":221,"column":44}},"36":{"start":{"line":222,"column":6},"end":{"line":222,"column":38}},"37":{"start":{"line":225,"column":21},"end":{"line":225,"column":53}},"38":{"start":{"line":226,"column":6},"end":{"line":226,"column":78}},"39":{"start":{"line":226,"column":65},"end":{"line":226,"column":76}},"40":{"start":{"line":229,"column":6},"end":{"line":233,"column":7}},"41":{"start":{"line":230,"column":8},"end":{"line":230,"column":37}},"42":{"start":{"line":231,"column":8},"end":{"line":231,"column":49}},"43":{"start":{"line":232,"column":8},"end":{"line":232,"column":43}},"44":{"start":{"line":241,"column":4},"end":{"line":241,"column":39}},"45":{"start":{"line":241,"column":32},"end":{"line":241,"column":39}},"46":{"start":{"line":243,"column":16},"end":{"line":243,"column":26}},"47":{"start":{"line":244,"column":19},"end":{"line":244,"column":51}},"48":{"start":{"line":245,"column":4},"end":{"line":245,"column":76}},"49":{"start":{"line":245,"column":63},"end":{"line":245,"column":74}},"50":{"start":{"line":248,"column":4},"end":{"line":252,"column":5}},"51":{"start":{"line":249,"column":6},"end":{"line":249,"column":36}},"52":{"start":{"line":250,"column":6},"end":{"line":250,"column":43}},"53":{"start":{"line":251,"column":6},"end":{"line":251,"column":42}},"54":{"start":{"line":259,"column":4},"end":{"line":259,"column":29}},"55":{"start":{"line":266,"column":4},"end":{"line":271,"column":6}},"56":{"start":{"line":272,"column":4},"end":{"line":272,"column":31}},"57":{"start":{"line":184,"column":0},"end":{"line":184,"column":13}},"58":{"start":{"line":302,"column":6},"end":{"line":302,"column":12}},"59":{"start":{"line":305,"column":24},"end":{"line":305,"column":88}},"60":{"start":{"line":308,"column":2},"end":{"line":332,"column":10}},"61":{"start":{"line":311,"column":6},"end":{"line":317,"column":7}},"62":{"start":{"line":312,"column":8},"end":{"line":316,"column":10}},"63":{"start":{"line":314,"column":28},"end":{"line":314,"column":61}},"64":{"start":{"line":315,"column":10},"end":{"line":315,"column":65}},"65":{"start":{"line":320,"column":6},"end":{"line":322,"column":7}},"66":{"start":{"line":321,"column":8},"end":{"line":321,"column":40}},"67":{"start":{"line":325,"column":6},"end":{"line":327,"column":7}},"68":{"start":{"line":326,"column":8},"end":{"line":326,"column":29}},"69":{"start":{"line":330,"column":6},"end":{"line":330,"column":26}}},"fnMap":{"0":{"name":"classifyDisconnect","decl":{"start":{"line":38,"column":16},"end":{"line":38,"column":34}},"loc":{"start":{"line":38,"column":53},"end":{"line":151,"column":1}}},"1":{"name":"(anonymous_1)","decl":{"start":{"line":198,"column":2},"end":{"line":198,"column":14}},"loc":{"start":{"line":198,"column":46},"end":{"line":202,"column":3}}},"2":{"name":"(anonymous_2)","decl":{"start":{"line":207,"column":2},"end":{"line":207,"column":22}},"loc":{"start":{"line":207,"column":22},"end":{"line":210,"column":3}}},"3":{"name":"(anonymous_3)","decl":{"start":{"line":215,"column":2},"end":{"line":215,"column":19}},"loc":{"start":{"line":215,"column":45},"end":{"line":235,"column":3}}},"4":{"name":"(anonymous_4)","decl":{"start":{"line":226,"column":59},"end":{"line":226,"column":61}},"loc":{"start":{"line":226,"column":65},"end":{"line":226,"column":76}}},"5":{"name":"(anonymous_5)","decl":{"start":{"line":240,"column":10},"end":{"line":240,"column":23}},"loc":{"start":{"line":240,"column":23},"end":{"line":253,"column":3}}},"6":{"name":"(anonymous_6)","decl":{"start":{"line":245,"column":57},"end":{"line":245,"column":59}},"loc":{"start":{"line":245,"column":63},"end":{"line":245,"column":74}}},"7":{"name":"(anonymous_7)","decl":{"start":{"line":258,"column":2},"end":{"line":258,"column":10}},"loc":{"start":{"line":258,"column":10},"end":{"line":260,"column":3}}},"8":{"name":"(anonymous_8)","decl":{"start":{"line":265,"column":2},"end":{"line":265,"column":7}},"loc":{"start":{"line":265,"column":7},"end":{"line":273,"column":3}}},"9":{"name":"wrapWithSessionStability","decl":{"start":{"line":293,"column":16},"end":{"line":293,"column":40}},"loc":{"start":{"line":295,"column":37},"end":{"line":333,"column":1}}},"10":{"name":"(anonymous_10)","decl":{"start":{"line":309,"column":4},"end":{"line":309,"column":7}},"loc":{"start":{"line":309,"column":42},"end":{"line":331,"column":5}}},"11":{"name":"(anonymous_11)","decl":{"start":{"line":312,"column":15},"end":{"line":312,"column":20}},"loc":{"start":{"line":312,"column":66},"end":{"line":316,"column":9}}}},"branchMap":{"0":{"loc":{"start":{"line":40,"column":2},"end":{"line":47,"column":3}},"type":"if","locations":[{"start":{"line":40,"column":2},"end":{"line":47,"column":3}}]},"1":{"loc":{"start":{"line":40,"column":6},"end":{"line":40,"column":46}},"type":"binary-expr","locations":[{"start":{"line":40,"column":6},"end":{"line":40,"column":24}},{"start":{"line":40,"column":28},"end":{"line":40,"column":46}}]},"2":{"loc":{"start":{"line":49,"column":2},"end":{"line":56,"column":3}},"type":"if","locations":[{"start":{"line":49,"column":2},"end":{"line":56,"column":3}}]},"3":{"loc":{"start":{"line":59,"column":2},"end":{"line":66,"column":3}},"type":"if","locations":[{"start":{"line":59,"column":2},"end":{"line":66,"column":3}}]},"4":{"loc":{"start":{"line":69,"column":2},"end":{"line":76,"column":3}},"type":"if","locations":[{"start":{"line":69,"column":2},"end":{"line":76,"column":3}}]},"5":{"loc":{"start":{"line":69,"column":6},"end":{"line":69,"column":46}},"type":"binary-expr","locations":[{"start":{"line":69,"column":6},"end":{"line":69,"column":24}},{"start":{"line":69,"column":28},"end":{"line":69,"column":46}}]},"6":{"loc":{"start":{"line":79,"column":2},"end":{"line":87,"column":3}},"type":"if","locations":[{"start":{"line":79,"column":2},"end":{"line":87,"column":3}}]},"7":{"loc":{"start":{"line":90,"column":2},"end":{"line":98,"column":3}},"type":"if","locations":[{"start":{"line":90,"column":2},"end":{"line":98,"column":3}}]},"8":{"loc":{"start":{"line":100,"column":2},"end":{"line":108,"column":3}},"type":"if","locations":[{"start":{"line":100,"column":2},"end":{"line":108,"column":3}}]},"9":{"loc":{"start":{"line":111,"column":2},"end":{"line":119,"column":3}},"type":"if","locations":[{"start":{"line":111,"column":2},"end":{"line":119,"column":3}}]},"10":{"loc":{"start":{"line":122,"column":2},"end":{"line":130,"column":3}},"type":"if","locations":[{"start":{"line":122,"column":2},"end":{"line":130,"column":3}}]},"11":{"loc":{"start":{"line":133,"column":2},"end":{"line":141,"column":3}},"type":"if","locations":[{"start":{"line":133,"column":2},"end":{"line":141,"column":3}}]},"12":{"loc":{"start":{"line":198,"column":14},"end":{"line":198,"column":46}},"type":"default-arg","locations":[{"start":{"line":198,"column":44},"end":{"line":198,"column":46}}]},"13":{"loc":{"start":{"line":215,"column":20},"end":{"line":215,"column":45}},"type":"default-arg","locations":[{"start":{"line":215,"column":40},"end":{"line":215,"column":45}}]},"14":{"loc":{"start":{"line":218,"column":4},"end":{"line":234,"column":5}},"type":"if","locations":[{"start":{"line":218,"column":4},"end":{"line":234,"column":5}}]},"15":{"loc":{"start":{"line":229,"column":6},"end":{"line":233,"column":7}},"type":"if","locations":[{"start":{"line":229,"column":6},"end":{"line":233,"column":7}}]},"16":{"loc":{"start":{"line":229,"column":10},"end":{"line":229,"column":95}},"type":"binary-expr","locations":[{"start":{"line":229,"column":10},"end":{"line":229,"column":32}},{"start":{"line":229,"column":36},"end":{"line":229,"column":95}}]},"17":{"loc":{"start":{"line":241,"column":4},"end":{"line":241,"column":39}},"type":"if","locations":[{"start":{"line":241,"column":4},"end":{"line":241,"column":39}}]},"18":{"loc":{"start":{"line":248,"column":4},"end":{"line":252,"column":5}},"type":"if","locations":[{"start":{"line":248,"column":4},"end":{"line":252,"column":5}}]},"19":{"loc":{"start":{"line":295,"column":2},"end":{"line":295,"column":37}},"type":"default-arg","locations":[{"start":{"line":295,"column":35},"end":{"line":295,"column":37}}]},"20":{"loc":{"start":{"line":298,"column":4},"end":{"line":298,"column":36}},"type":"default-arg","locations":[{"start":{"line":298,"column":32},"end":{"line":298,"column":36}}]},"21":{"loc":{"start":{"line":299,"column":4},"end":{"line":299,"column":27}},"type":"default-arg","locations":[{"start":{"line":299,"column":23},"end":{"line":299,"column":27}}]},"22":{"loc":{"start":{"line":305,"column":24},"end":{"line":305,"column":88}},"type":"cond-expr","locations":[{"start":{"line":305,"column":43},"end":{"line":305,"column":81}},{"start":{"line":305,"column":84},"end":{"line":305,"column":88}}]},"23":{"loc":{"start":{"line":311,"column":6},"end":{"line":317,"column":7}},"type":"if","locations":[{"start":{"line":311,"column":6},"end":{"line":317,"column":7}}]},"24":{"loc":{"start":{"line":311,"column":10},"end":{"line":311,"column":76}},"type":"binary-expr","locations":[{"start":{"line":311,"column":10},"end":{"line":311,"column":32}},{"start":{"line":311,"column":36},"end":{"line":311,"column":61}},{"start":{"line":311,"column":65},"end":{"line":311,"column":76}}]},"25":{"loc":{"start":{"line":320,"column":6},"end":{"line":322,"column":7}},"type":"if","locations":[{"start":{"line":320,"column":6},"end":{"line":322,"column":7}}]},"26":{"loc":{"start":{"line":320,"column":10},"end":{"line":320,"column":56}},"type":"binary-expr","locations":[{"start":{"line":320,"column":10},"end":{"line":320,"column":39}},{"start":{"line":320,"column":43},"end":{"line":320,"column":56}}]},"27":{"loc":{"start":{"line":325,"column":6},"end":{"line":327,"column":7}},"type":"if","locations":[{"start":{"line":325,"column":6},"end":{"line":327,"column":7}}]},"28":{"loc":{"start":{"line":325,"column":10},"end":{"line":325,"column":58}},"type":"binary-expr","locations":[{"start":{"line":325,"column":10},"end":{"line":325,"column":41}},{"start":{"line":325,"column":45},"end":{"line":325,"column":58}}]}},"s":{"0":1,"1":1,"2":13,"3":2,"4":11,"5":1,"6":10,"7":1,"8":9,"9":2,"10":7,"11":1,"12":6,"13":1,"14":5,"15":1,"16":4,"17":1,"18":3,"19":1,"20":2,"21":1,"22":1,"23":1,"24":11,"25":11,"26":11,"27":11,"28":11,"29":4,"30":4,"31":10,"32":10,"33":9,"34":9,"35":9,"36":9,"37":9,"38":9,"39":14,"40":9,"41":2,"42":2,"43":2,"44":4,"45":3,"46":1,"47":1,"48":1,"49":2,"50":1,"51":1,"52":1,"53":1,"54":11,"55":1,"56":1,"57":1,"58":6,"59":6,"60":6,"61":9,"62":1,"63":1,"64":1,"65":8,"66":1,"67":7,"68":1,"69":6},"f":{"0":13,"1":11,"2":4,"3":10,"4":14,"5":4,"6":2,"7":11,"8":1,"9":6,"10":9,"11":1},"b":{"0":[2],"1":[13,12],"2":[1],"3":[1],"4":[2],"5":[9,8],"6":[1],"7":[1],"8":[1],"9":[1],"10":[1],"11":[1],"12":[8],"13":[0],"14":[9],"15":[2],"16":[9,9],"17":[3],"18":[1],"19":[0],"20":[2],"21":[4],"22":[5,1],"23":[1],"24":[9,3,2],"25":[1],"26":[8,1],"27":[1],"28":[7,2]}}
}
