TN:
SF:src/lidFirstResolver.ts
FN:40,(anonymous_9)
FN:47,(anonymous_10)
FN:82,(anonymous_11)
FN:114,(anonymous_12)
FN:125,(anonymous_13)
FN:135,(anonymous_14)
FN:155,(anonymous_15)
FN:162,(anonymous_16)
FN:169,(anonymous_17)
FN:176,(anonymous_18)
FN:193,(anonymous_19)
FN:203,createLidFirstResolver
FNF:12
FNH:12
FNDA:14,(anonymous_9)
FNDA:15,(anonymous_10)
FNDA:4,(anonymous_11)
FNDA:7,(anonymous_12)
FNDA:4,(anonymous_13)
FNDA:3,(anonymous_14)
FNDA:8,(anonymous_15)
FNDA:1,(anonymous_16)
FNDA:1,(anonymous_17)
FNDA:22,(anonymous_18)
FNDA:20,(anonymous_19)
FNDA:1,createLidFirstResolver
DA:22,1
DA:23,1
DA:32,1
DA:33,20
DA:34,20
DA:41,14
DA:42,14
DA:43,1
DA:46,13
DA:47,13
DA:48,15
DA:51,13
DA:52,12
DA:53,12
DA:54,12
DA:57,11
DA:58,13
DA:59,13
DA:60,13
DA:61,13
DA:67,13
DA:68,13
DA:83,4
DA:85,4
DA:86,1
DA:87,1
DA:91,2
DA:92,0
DA:93,0
DA:97,2
DA:98,0
DA:102,2
DA:103,0
DA:115,7
DA:116,7
DA:118,7
DA:126,4
DA:127,4
DA:128,4
DA:136,3
DA:139,3
DA:140,3
DA:143,2
DA:144,2
DA:145,1
DA:146,1
DA:149,1
DA:156,8
DA:163,1
DA:164,1
DA:177,22
DA:180,22
DA:183,22
DA:186,22
DA:187,21
DA:190,1
DA:195,20
DA:203,1
DA:204,1
LF:59
LH:55
BRDA:42,0,0,1
BRDA:48,1,0,15
BRDA:48,1,1,13
BRDA:58,2,0,13
BRDA:60,3,0,13
BRDA:60,4,0,13
BRDA:60,4,1,13
BRDA:85,5,0,1
BRDA:91,6,0,0
BRDA:97,7,0,0
BRDA:102,8,0,0
BRDA:102,9,0,2
BRDA:102,9,1,0
BRDA:116,10,0,0
BRDA:118,11,0,7
BRDA:118,11,1,2
BRDA:128,12,0,3
BRDA:128,12,1,1
BRDA:140,13,0,1
BRDA:144,14,0,1
BRDA:146,15,0,1
BRDA:146,16,0,1
BRDA:146,16,1,0
BRDA:177,17,0,0
BRDA:186,18,0,21
BRF:25
BRH:18
end_of_record
TN:
SF:src/lidResolver.ts
FN:67,(anonymous_0)
FN:81,(anonymous_1)
FN:139,(anonymous_2)
FN:181,(anonymous_3)
FN:193,(anonymous_4)
FN:206,(anonymous_5)
FN:232,(anonymous_6)
FN:269,(anonymous_7)
FN:283,(anonymous_8)
FN:296,(anonymous_9)
FN:306,(anonymous_10)
FN:319,(anonymous_11)
FN:327,(anonymous_12)
FNF:13
FNH:4
FNDA:1,(anonymous_0)
FNDA:1,(anonymous_1)
FNDA:1,(anonymous_2)
FNDA:0,(anonymous_3)
FNDA:0,(anonymous_4)
FNDA:0,(anonymous_5)
FNDA:0,(anonymous_6)
FNDA:0,(anonymous_7)
FNDA:0,(anonymous_8)
FNDA:0,(anonymous_9)
FNDA:0,(anonymous_10)
FNDA:3,(anonymous_11)
FNDA:0,(anonymous_12)
DA:48,1
DA:53,1
DA:58,1
DA:59,1
DA:61,1
DA:68,1
DA:69,1
DA:72,1
DA:73,0
DA:82,1
DA:83,1
DA:84,1
DA:87,1
DA:88,0
DA:92,1
DA:93,0
DA:97,1
DA:98,1
DA:99,1
DA:102,1
DA:103,1
DA:105,0
DA:106,0
DA:107,0
DA:111,1
DA:112,1
DA:121,1
DA:122,0
DA:125,1
DA:126,1
DA:127,1
DA:130,1
DA:131,0
DA:140,1
DA:142,1
DA:144,1
DA:145,1
DA:146,1
DA:147,1
DA:148,1
DA:149,1
DA:151,0
DA:152,0
DA:155,0
DA:156,0
DA:159,0
DA:160,0
DA:161,0
DA:162,0
DA:163,0
DA:164,0
DA:165,0
DA:167,0
DA:169,0
DA:170,0
DA:173,0
DA:174,0
DA:182,0
DA:183,0
DA:184,0
DA:185,0
DA:186,0
DA:187,0
DA:190,0
DA:194,0
DA:195,0
DA:196,0
DA:197,0
DA:198,0
DA:200,0
DA:207,0
DA:210,0
DA:211,0
DA:212,0
DA:213,0
DA:217,0
DA:218,0
DA:219,0
DA:220,0
DA:221,0
DA:222,0
DA:226,0
DA:233,0
DA:235,0
DA:236,0
DA:237,0
DA:240,0
DA:241,0
DA:243,0
DA:244,0
DA:245,0
DA:252,0
DA:253,0
DA:254,0
DA:256,0
DA:257,0
DA:258,0
DA:270,0
DA:272,0
DA:273,0
DA:274,0
DA:275,0
DA:277,0
DA:284,0
DA:297,0
DA:298,0
DA:299,0
DA:307,0
DA:309,0
DA:310,0
DA:321,3
DA:328,0
DA:329,0
DA:331,0
DA:332,0
DA:333,0
DA:334,0
DA:338,0
DA:339,0
DA:340,0
DA:341,0
DA:343,0
LF:122
LH:34
BRDA:67,0,0,0
BRDA:72,1,0,0
BRDA:82,2,0,1
BRDA:82,2,1,0
BRDA:83,3,0,1
BRDA:83,3,1,0
BRDA:87,4,0,0
BRDA:87,5,0,1
BRDA:87,5,1,1
BRDA:87,5,2,0
BRDA:92,6,0,0
BRDA:92,7,0,1
BRDA:92,7,1,0
BRDA:97,8,0,0
BRDA:97,9,0,1
BRDA:97,9,1,1
BRDA:98,10,0,0
BRDA:99,11,0,0
BRDA:103,12,0,0
BRDA:111,13,0,1
BRDA:111,13,1,1
BRDA:121,14,0,0
BRDA:130,15,0,0
BRDA:142,16,0,1
BRDA:142,16,1,0
BRDA:144,17,0,1
BRDA:146,18,0,1
BRDA:159,19,0,0
BRDA:161,20,0,0
BRDA:164,21,0,0
BRDA:184,22,0,0
BRDA:186,23,0,0
BRDA:190,24,0,0
BRDA:190,24,1,0
BRDA:196,25,0,0
BRDA:211,26,0,0
BRDA:218,27,0,0
BRDA:220,28,0,0
BRDA:233,29,0,0
BRDA:237,30,0,0
BRDA:237,31,0,0
BRDA:237,31,1,0
BRDA:241,32,0,0
BRDA:241,32,1,0
BRDA:254,33,0,0
BRDA:254,34,0,0
BRDA:254,34,1,0
BRDA:270,35,0,0
BRDA:309,36,0,0
BRDA:332,37,0,0
BRDA:338,38,0,0
BRDA:340,39,0,0
BRF:52
BRH:12
end_of_record
TN:
SF:src/retryReason.ts
FN:21,(anonymous_0)
FN:47,parseRetryReason
FN:71,isMacError
FN:78,getRetryReasonDescription
FNF:4
FNH:4
FNDA:1,(anonymous_0)
FNDA:23,parseRetryReason
FNDA:11,isMacError
FNDA:12,getRetryReasonDescription
DA:21,1
DA:22,1
DA:23,1
DA:24,1
DA:25,1
DA:26,1
DA:27,1
DA:28,1
DA:29,1
DA:36,1
DA:47,1
DA:48,23
DA:49,2
DA:52,21
DA:54,21
DA:55,2
DA:59,19
DA:60,13
DA:63,6
DA:71,1
DA:72,11
DA:78,1
DA:79,12
DA:81,2
DA:83,1
DA:85,1
DA:87,1
DA:89,2
DA:91,2
DA:93,1
DA:95,1
DA:97,1
LF:32
LH:32
BRDA:21,0,0,1
BRDA:21,0,1,1
BRDA:48,1,0,2
BRDA:48,2,0,23
BRDA:48,2,1,22
BRDA:52,3,0,8
BRDA:52,3,1,13
BRDA:54,4,0,2
BRDA:59,5,0,13
BRDA:79,6,0,2
BRDA:79,6,1,1
BRDA:79,6,2,1
BRDA:79,6,3,1
BRDA:79,6,4,2
BRDA:79,6,5,2
BRDA:79,6,6,1
BRDA:79,6,7,1
BRDA:79,6,8,1
BRF:18
BRH:18
end_of_record
TN:
SF:src/sessionStability.ts
FN:38,classifyDisconnect
FN:198,(anonymous_1)
FN:207,(anonymous_2)
FN:215,(anonymous_3)
FN:226,(anonymous_4)
FN:240,(anonymous_5)
FN:245,(anonymous_6)
FN:258,(anonymous_7)
FN:265,(anonymous_8)
FN:293,wrapWithSessionStability
FN:309,(anonymous_10)
FN:312,(anonymous_11)
FNF:12
FNH:12
FNDA:13,classifyDisconnect
FNDA:11,(anonymous_1)
FNDA:4,(anonymous_2)
FNDA:10,(anonymous_3)
FNDA:14,(anonymous_4)
FNDA:4,(anonymous_5)
FNDA:2,(anonymous_6)
FNDA:11,(anonymous_7)
FNDA:1,(anonymous_8)
FNDA:6,wrapWithSessionStability
FNDA:9,(anonymous_10)
FNDA:1,(anonymous_11)
DA:38,1
DA:40,13
DA:41,2
DA:49,11
DA:50,1
DA:59,10
DA:60,1
DA:69,9
DA:70,2
DA:79,7
DA:80,1
DA:90,6
DA:91,1
DA:100,5
DA:101,1
DA:111,4
DA:112,1
DA:122,3
DA:123,1
DA:133,2
DA:134,1
DA:144,1
DA:175,1
DA:184,1
DA:189,11
DA:196,11
DA:199,11
DA:200,11
DA:201,11
DA:208,4
DA:209,4
DA:216,10
DA:218,10
DA:219,9
DA:220,9
DA:221,9
DA:222,9
DA:225,9
DA:226,14
DA:229,9
DA:230,2
DA:231,2
DA:232,2
DA:241,4
DA:243,1
DA:244,1
DA:245,2
DA:248,1
DA:249,1
DA:250,1
DA:251,1
DA:259,11
DA:266,1
DA:272,1
DA:293,1
DA:302,6
DA:305,6
DA:308,6
DA:311,9
DA:312,1
DA:314,1
DA:315,1
DA:320,8
DA:321,1
DA:325,7
DA:326,1
DA:330,6
LF:67
LH:67
BRDA:40,0,0,2
BRDA:40,1,0,13
BRDA:40,1,1,12
BRDA:49,2,0,1
BRDA:59,3,0,1
BRDA:69,4,0,2
BRDA:69,5,0,9
BRDA:69,5,1,8
BRDA:79,6,0,1
BRDA:90,7,0,1
BRDA:100,8,0,1
BRDA:111,9,0,1
BRDA:122,10,0,1
BRDA:133,11,0,1
BRDA:198,12,0,8
BRDA:215,13,0,0
BRDA:218,14,0,9
BRDA:229,15,0,2
BRDA:229,16,0,9
BRDA:229,16,1,9
BRDA:241,17,0,3
BRDA:248,18,0,1
BRDA:295,19,0,0
BRDA:298,20,0,2
BRDA:299,21,0,4
BRDA:305,22,0,5
BRDA:305,22,1,1
BRDA:311,23,0,1
BRDA:311,24,0,9
BRDA:311,24,1,3
BRDA:311,24,2,2
BRDA:320,25,0,1
BRDA:320,26,0,8
BRDA:320,26,1,1
BRDA:325,27,0,1
BRDA:325,28,0,7
BRDA:325,28,1,2
BRF:37
BRH:35
end_of_record
